<?xml version="1.0" encoding="UTF-8"?>
<!-- Generated by org.testng.reporters.JUnitReportReporter -->
<testsuite hostname="LAPTOP-HUA8CH3G" failures="0" tests="2" name="testing.TC_002_GET_Responce" time="2.778" errors="0" timestamp="2021-02-11T23:59:10 IST" skipped="0">
  <testcase classname="testing.TC_002_GET_Responce" name="getUserList" time="2.090"/>
  <system-out/>
  <testcase classname="testing.TC_002_GET_Responce" name="test_02" time="0.688"/>
  <system-out/>
</testsuite> <!-- testing.TC_002_GET_Responce -->
