<?xml version="1.0" encoding="UTF-8"?>
<!-- Generated by org.testng.reporters.JUnitReportReporter -->
<testsuite skipped="0" hostname="LAPTOP-HUA8CH3G" name="TC_001_GET_Requset" tests="2" failures="0" timestamp="2021-01-11T16:30:45 IST" time="5.181" errors="0">
  <testcase name="getUserList" time="3.860" classname="TC_001_GET_Requset"/>
  <system-out/>
  <testcase name="testGet_1" time="1.321" classname="TC_001_GET_Requset"/>
  <system-out/>
</testsuite> <!-- TC_001_GET_Requset -->
