<?xml version="1.0" encoding="UTF-8"?>
<!-- Generated by org.testng.reporters.JUnitReportReporter -->
<testsuite skipped="0" hostname="LAPTOP-HUA8CH3G" name="TC_002_GET_Responce" tests="2" failures="0" timestamp="2021-01-12T09:48:40 IST" time="6.114" errors="0">
  <testcase name="test_02" time="2.442" classname="TC_002_GET_Responce"/>
  <system-out/>
  <testcase name="getUserList" time="3.672" classname="TC_002_GET_Responce"/>
  <system-out/>
</testsuite> <!-- TC_002_GET_Responce -->
