<?xml version="1.0" encoding="UTF-8"?>
<!-- Generated by org.testng.reporters.JUnitReportReporter -->
<testsuite skipped="0" hostname="LAPTOP-HUA8CH3G" name="utilites.ExcelUtiles" tests="1" failures="0" timestamp="2021-01-12T21:28:35 IST" time="0.522" errors="0">
  <testcase name="getRowCount" time="0.522" classname="utilites.ExcelUtiles"/>
  <system-out/>
</testsuite> <!-- utilites.ExcelUtiles -->
