<?xml version="1.0" encoding="UTF-8"?>
<!-- Generated by org.testng.reporters.JUnitReportReporter -->
<testsuite hostname="LAPTOP-HUA8CH3G" failures="0" tests="5" name="testing.TC_001_Requests" time="16.508" errors="0" timestamp="2021-02-18T14:25:03 IST" skipped="4">
  <testcase classname="testing.TC_001_Requests" name="test_Get" time="16.508"/>
  <system-out/>
  <testcase classname="testing.TC_001_Requests" name="test_Put">
    <skipped/>
  </testcase> <!-- test_Put -->
  <system-out/>
  <testcase classname="testing.TC_001_Requests" name="test_Post">
    <skipped/>
  </testcase> <!-- test_Post -->
  <system-out/>
  <testcase classname="testing.TC_001_Requests" name="Delet">
    <skipped/>
  </testcase> <!-- Delet -->
  <system-out/>
  <testcase classname="testing.TC_001_Requests" name="test_Patch">
    <skipped/>
  </testcase> <!-- test_Patch -->
  <system-out/>
</testsuite> <!-- testing.TC_001_Requests -->
